# JRE version: Java(TM) SE Runtime Environment (21.0.5+9) (build 21.0.5+9-LTS-239)
# Java VM: Java HotSpot(TM) 64-Bit Server VM (21.0.5+9-LTS-239, mixed mode, sharing, tiered, compressed oops, compressed class ptrs, g1 gc, windows-amd64)
GC Precious Log:
 CardTable entry size: 512
 Card Set container configuration: InlinePtr #cards 5 size 8 Array Of Cards #cards 12 size 40 Howl #buckets 4 coarsen threshold 1843 Howl Bitmap #cards 512 size 80 coarsen threshold 460 Card regions per heap region 1 cards per card region 2048
 CPUs: 8 total, 8 available
 Memory: 7926M
 Large Page Support: Disabled
 NUMA Support: Disabled
 Compressed Oops: Enabled (32-bit)
 Heap Region Size: 1M
 Heap Min Capacity: 8M
 Heap Initial Capacity: 124M
 Heap Max Capacity: 1982M
 Pre-touch: Disabled
 Parallel Workers: 8
 Concurrent Workers: 2
 Concurrent Refinement Workers: 8
 Periodic GC: Disabled
Heap:
 garbage-first heap   total 135168K, used 45671K [0x0000000084200000, 0x0000000100000000)
  region size 1024K, 6 young (6144K), 6 survivors (6144K)
 Metaspace       used 80120K, committed 80960K, reserved 1179648K
  class space    used 11153K, committed 11520K, reserved 1048576K
GC Heap History (20 events):
Event: 25.240 GC heap after
{Heap after GC invocations=21 (full 0):
 garbage-first heap   total 70656K, used 33347K [0x0000000084200000, 0x0000000100000000)
  region size 1024K, 1 young (1024K), 1 survivors (1024K)
 Metaspace       used 69825K, committed 70464K, reserved 1114112K
  class space    used 9638K, committed 9920K, reserved 1048576K
}
Event: 25.453 GC heap before
{Heap before GC invocations=21 (full 0):
 garbage-first heap   total 70656K, used 63043K [0x0000000084200000, 0x0000000100000000)
  region size 1024K, 30 young (30720K), 1 survivors (1024K)
 Metaspace       used 69827K, committed 70464K, reserved 1114112K
  class space    used 9638K, committed 9920K, reserved 1048576K
}
Event: 25.463 GC heap after
{Heap after GC invocations=22 (full 0):
 garbage-first heap   total 70656K, used 35579K [0x0000000084200000, 0x0000000100000000)
  region size 1024K, 3 young (3072K), 3 survivors (3072K)
 Metaspace       used 69827K, committed 70464K, reserved 1114112K
  class space    used 9638K, committed 9920K, reserved 1048576K
}
Event: 25.554 GC heap before
{Heap before GC invocations=22 (full 0):
 garbage-first heap   total 70656K, used 63227K [0x0000000084200000, 0x0000000100000000)
  region size 1024K, 30 young (30720K), 3 survivors (3072K)
 Metaspace       used 69827K, committed 70464K, reserved 1114112K
  class space    used 9638K, committed 9920K, reserved 1048576K
}
Event: 25.559 GC heap after
{Heap after GC invocations=23 (full 0):
 garbage-first heap   total 70656K, used 33668K [0x0000000084200000, 0x0000000100000000)
  region size 1024K, 1 young (1024K), 1 survivors (1024K)
 Metaspace       used 69827K, committed 70464K, reserved 1114112K
  class space    used 9638K, committed 9920K, reserved 1048576K
}
Event: 25.759 GC heap before
{Heap before GC invocations=24 (full 0):
 garbage-first heap   total 80896K, used 63364K [0x0000000084200000, 0x0000000100000000)
  region size 1024K, 30 young (30720K), 1 survivors (1024K)
 Metaspace       used 70241K, committed 70848K, reserved 1114112K
  class space    used 9692K, committed 9984K, reserved 1048576K
}
Event: 25.763 GC heap after
{Heap after GC invocations=25 (full 0):
 garbage-first heap   total 80896K, used 33978K [0x0000000084200000, 0x0000000100000000)
  region size 1024K, 1 young (1024K), 1 survivors (1024K)
 Metaspace       used 70241K, committed 70848K, reserved 1114112K
  class space    used 9692K, committed 9984K, reserved 1048576K
}
Event: 26.041 GC heap before
{Heap before GC invocations=25 (full 0):
 garbage-first heap   total 80896K, used 73914K [0x0000000084200000, 0x0000000100000000)
  region size 1024K, 40 young (40960K), 1 survivors (1024K)
 Metaspace       used 71559K, committed 72192K, reserved 1114112K
  class space    used 10015K, committed 10304K, reserved 1048576K
}
Event: 26.077 GC heap after
{Heap after GC invocations=26 (full 0):
 garbage-first heap   total 109568K, used 47104K [0x0000000084200000, 0x0000000100000000)
  region size 1024K, 5 young (5120K), 5 survivors (5120K)
 Metaspace       used 71559K, committed 72192K, reserved 1114112K
  class space    used 10015K, committed 10304K, reserved 1048576K
}
Event: 26.169 GC heap before
{Heap before GC invocations=26 (full 0):
 garbage-first heap   total 109568K, used 91136K [0x0000000084200000, 0x0000000100000000)
  region size 1024K, 48 young (49152K), 5 survivors (5120K)
 Metaspace       used 71565K, committed 72192K, reserved 1114112K
  class space    used 10015K, committed 10304K, reserved 1048576K
}
Event: 26.189 GC heap after
{Heap after GC invocations=27 (full 0):
 garbage-first heap   total 109568K, used 51971K [0x0000000084200000, 0x0000000100000000)
  region size 1024K, 5 young (5120K), 5 survivors (5120K)
 Metaspace       used 71565K, committed 72192K, reserved 1114112K
  class space    used 10015K, committed 10304K, reserved 1048576K
}
Event: 26.345 GC heap before
{Heap before GC invocations=28 (full 0):
 garbage-first heap   total 130048K, used 91907K [0x0000000084200000, 0x0000000100000000)
  region size 1024K, 44 young (45056K), 5 survivors (5120K)
 Metaspace       used 71568K, committed 72192K, reserved 1114112K
  class space    used 10015K, committed 10304K, reserved 1048576K
}
Event: 26.360 GC heap after
{Heap after GC invocations=29 (full 0):
 garbage-first heap   total 130048K, used 54272K [0x0000000084200000, 0x0000000100000000)
  region size 1024K, 4 young (4096K), 4 survivors (4096K)
 Metaspace       used 71568K, committed 72192K, reserved 1114112K
  class space    used 10015K, committed 10304K, reserved 1048576K
}
Event: 26.453 GC heap before
{Heap before GC invocations=29 (full 0):
 garbage-first heap   total 130048K, used 105472K [0x0000000084200000, 0x0000000100000000)
  region size 1024K, 54 young (55296K), 4 survivors (4096K)
 Metaspace       used 71569K, committed 72192K, reserved 1114112K
  class space    used 10015K, committed 10304K, reserved 1048576K
}
Event: 26.464 GC heap after
{Heap after GC invocations=30 (full 0):
 garbage-first heap   total 130048K, used 55507K [0x0000000084200000, 0x0000000100000000)
  region size 1024K, 5 young (5120K), 5 survivors (5120K)
 Metaspace       used 71569K, committed 72192K, reserved 1114112K
  class space    used 10015K, committed 10304K, reserved 1048576K
}
Event: 26.714 GC heap before
{Heap before GC invocations=30 (full 0):
 garbage-first heap   total 130048K, used 111827K [0x0000000084200000, 0x0000000100000000)
  region size 1024K, 60 young (61440K), 5 survivors (5120K)
 Metaspace       used 73110K, committed 73728K, reserved 1114112K
  class space    used 10216K, committed 10496K, reserved 1048576K
}
Event: 26.719 GC heap after
{Heap after GC invocations=31 (full 0):
 garbage-first heap   total 130048K, used 52300K [0x0000000084200000, 0x0000000100000000)
  region size 1024K, 2 young (2048K), 2 survivors (2048K)
 Metaspace       used 73110K, committed 73728K, reserved 1114112K
  class space    used 10216K, committed 10496K, reserved 1048576K
}
Event: 26.859 GC heap before
{Heap before GC invocations=32 (full 0):
 garbage-first heap   total 130048K, used 104524K [0x0000000084200000, 0x0000000100000000)
  region size 1024K, 63 young (64512K), 2 survivors (2048K)
 Metaspace       used 73110K, committed 73728K, reserved 1114112K
  class space    used 10216K, committed 10496K, reserved 1048576K
}
Event: 26.871 GC heap after
{Heap after GC invocations=33 (full 0):
 garbage-first heap   total 130048K, used 47345K [0x0000000084200000, 0x0000000100000000)
  region size 1024K, 7 young (7168K), 7 survivors (7168K)
 Metaspace       used 73110K, committed 73728K, reserved 1114112K
  class space    used 10216K, committed 10496K, reserved 1048576K
}
Event: 30.658 GC heap before
{Heap before GC invocations=33 (full 0):
 garbage-first heap   total 130048K, used 113905K [0x0000000084200000, 0x0000000100000000)
  region size 1024K, 72 young (73728K), 7 survivors (7168K)
 Metaspace       used 80120K, committed 80960K, reserved 1179648K
  class space    used 11153K, committed 11520K, reserved 1048576K
}

